[2021-07-20 14:25:02]	[done]
	build successfully !

[2021-07-20 14:27:12]	[done]
	build successfully !

[2021-07-20 14:29:43]	compilation failed at : "e:\singlechip\project\20210718\src\main.cpp", exit code: 1
  at unify_builder.Program.compileByMulThread (System.Int32 thrNum, unify_builder.CmdGenerator+CmdInfo[] cmds, System.Collections.Generic.List`1[T] doneList) [0x000e4] in <2975003d1d8e441bad1fa5b8a433098f>:0 
  at unify_builder.Program.Main (System.String[] args) [0x00f14] in <2975003d1d8e441bad1fa5b8a433098f>:0 

[2021-07-20 14:30:17]	[done]
	build successfully !

[2021-07-20 14:37:03]	[done]
	build successfully !

[2021-07-20 14:48:47]	compilation failed at : "e:\singlechip\project\20210718\lib\Afstandssensor_-_HCSR04\src\afstandssensor.cpp", exit code: 1
  at unify_builder.Program.compileByMulThread (System.Int32 thrNum, unify_builder.CmdGenerator+CmdInfo[] cmds, System.Collections.Generic.List`1[T] doneList) [0x000e4] in <2975003d1d8e441bad1fa5b8a433098f>:0 
  at unify_builder.Program.Main (System.String[] args) [0x00f14] in <2975003d1d8e441bad1fa5b8a433098f>:0 

[2021-07-20 14:49:28]	[done]
	build successfully !

[2021-07-20 14:50:37]	[done]
	build successfully !

[2021-07-20 14:52:18]	[done]
	build successfully !

[2021-07-20 14:59:16]	[done]
	build successfully !

[2021-07-20 15:05:54]	[done]
	build successfully !

[2021-07-20 15:07:59]	compilation failed at : "e:\singlechip\project\20210718\lib\IRremote\src\ir_Sanyo.cpp", exit code: 1
  at unify_builder.Program.compileByMulThread (System.Int32 thrNum, unify_builder.CmdGenerator+CmdInfo[] cmds, System.Collections.Generic.List`1[T] doneList) [0x000e4] in <2975003d1d8e441bad1fa5b8a433098f>:0 
  at unify_builder.Program.Main (System.String[] args) [0x00f14] in <2975003d1d8e441bad1fa5b8a433098f>:0 

[2021-07-20 15:09:18]	[done]
	build successfully !

[2021-07-20 15:10:34]	compilation failed at : "e:\singlechip\project\20210718\lib\ArduinoJson\extras\tests\MemoryPool\StringCopier.cpp", exit code: 1
  at unify_builder.Program.compileByMulThread (System.Int32 thrNum, unify_builder.CmdGenerator+CmdInfo[] cmds, System.Collections.Generic.List`1[T] doneList) [0x000e4] in <2975003d1d8e441bad1fa5b8a433098f>:0 
  at unify_builder.Program.Main (System.String[] args) [0x00f14] in <2975003d1d8e441bad1fa5b8a433098f>:0 

[2021-07-20 15:11:13]	[done]
	build successfully !

[2021-07-20 15:12:56]	compilation failed at : "e:\singlechip\project\20210718\lib\DS1302\DS1302.cpp", exit code: 1
  at unify_builder.Program.Main (System.String[] args) [0x00e9c] in <2975003d1d8e441bad1fa5b8a433098f>:0 

[2021-07-20 15:13:08]	[done]
	build successfully !

[2021-07-20 15:35:50]	[done]
	build successfully !

[2021-07-20 16:04:55]	[done]
	build successfully !

[2021-07-20 16:09:55]	compilation failed at : "e:\singlechip\project\20210718\lib\Qi_DAC\Qi_DAC.cpp", exit code: 1
  at unify_builder.Program.compileByMulThread (System.Int32 thrNum, unify_builder.CmdGenerator+CmdInfo[] cmds, System.Collections.Generic.List`1[T] doneList) [0x000e4] in <2975003d1d8e441bad1fa5b8a433098f>:0 
  at unify_builder.Program.Main (System.String[] args) [0x00f14] in <2975003d1d8e441bad1fa5b8a433098f>:0 

[2021-07-20 16:10:12]	compilation failed at : "e:\singlechip\project\20210718\lib\Qi_DAC\Qi_DAC.cpp", exit code: 1
  at unify_builder.Program.compileByMulThread (System.Int32 thrNum, unify_builder.CmdGenerator+CmdInfo[] cmds, System.Collections.Generic.List`1[T] doneList) [0x000e4] in <2975003d1d8e441bad1fa5b8a433098f>:0 
  at unify_builder.Program.Main (System.String[] args) [0x00f14] in <2975003d1d8e441bad1fa5b8a433098f>:0 

[2021-07-20 16:10:32]	[done]
	build successfully !

[2021-07-20 16:13:13]	[done]
	build successfully !

[2021-07-20 16:15:29]	[done]
	build successfully !

[2021-07-20 16:57:45]	[done]
	build successfully !

[2021-07-20 17:02:01]	[done]
	build successfully !

[2021-07-20 17:02:35]	[done]
	build successfully !

[2021-07-20 17:03:57]	[done]
	build successfully !

[2021-07-20 18:16:17]	[done]
	build successfully !

